2011-05-15 00:56:28 Debug: Notice (8): Undefined variable: posts in [C:\xampp\htdocs\WHM_C\views\pages\about.ctp, line 8]
2011-05-15 00:56:37 Debug: Notice (8): Undefined variable: post in [C:\xampp\htdocs\WHM_C\views\pages\about.ctp, line 8]
2011-05-15 00:56:58 Debug: Notice (8): Undefined variable: post in [C:\xampp\htdocs\WHM_C\views\pages\about.ctp, line 8]
2011-05-15 00:59:48 Debug: Notice (8): Undefined property: View::$Post in [C:\xampp\htdocs\WHM_C\views\pages\about.ctp, line 8]
2011-05-15 00:59:59 Debug: Notice (8): Undefined property: View::$Post in [C:\xampp\htdocs\WHM_C\views\pages\about.ctp, line 8]
2011-05-15 01:00:02 Debug: Notice (8): Undefined property: View::$Post in [C:\xampp\htdocs\WHM_C\views\pages\about.ctp, line 8]
2011-05-15 01:00:09 Debug: Notice (8): Undefined property: View::$Post in [C:\xampp\htdocs\WHM_C\views\pages\about.ctp, line 8]
2011-05-15 01:00:11 Debug: Notice (8): Undefined property: View::$Post in [C:\xampp\htdocs\WHM_C\views\pages\about.ctp, line 8]
2011-05-15 01:00:32 Debug: Notice (8): Undefined property: View::$Post in [C:\xampp\htdocs\WHM_C\views\pages\about.ctp, line 8]
2011-05-15 01:00:35 Debug: Notice (8): Undefined property: View::$Post in [C:\xampp\htdocs\WHM_C\views\pages\about.ctp, line 8]
2011-05-15 01:01:21 Debug: Notice (8): Undefined property: View::$Post in [C:\xampp\htdocs\WHM_C\views\pages\about.ctp, line 9]
2011-05-15 01:02:08 Debug: Notice (8): Undefined variable: post in [C:\xampp\htdocs\WHM_C\views\pages\about.ctp, line 8]
2011-05-15 01:02:14 Debug: Notice (8): Undefined variable: post in [C:\xampp\htdocs\WHM_C\views\pages\about.ctp, line 8]
2011-05-15 01:02:21 Debug: Notice (8): Undefined variable: post in [C:\xampp\htdocs\WHM_C\views\pages\about.ctp, line 8]
2011-05-15 01:06:58 Debug: Notice (8): Undefined variable: post in [C:\xampp\htdocs\WHM_C\views\pages\about.ctp, line 8]
2011-05-15 01:07:23 Debug: Notice (8): Undefined variable: post in [C:\xampp\htdocs\WHM_C\views\pages\about.ctp, line 8]
2011-05-15 01:11:28 Debug: Notice (8): Undefined variable: post in [C:\xampp\htdocs\WHM_C\views\pages\about.ctp, line 8]
2011-05-15 01:11:57 Debug: Notice (8): Undefined variable: post in [C:\xampp\htdocs\WHM_C\views\pages\about.ctp, line 8]
2011-05-15 01:12:33 Debug: Notice (8): Undefined variable: post in [C:\xampp\htdocs\WHM_C\views\pages\about.ctp, line 8]
2011-05-15 01:12:42 Debug: Notice (8): Undefined variable: post in [C:\xampp\htdocs\WHM_C\views\pages\about.ctp, line 8]
2011-05-15 01:13:06 Debug: Notice (8): Undefined variable: post in [C:\xampp\htdocs\WHM_C\views\pages\about.ctp, line 8]
2011-05-15 01:15:59 Debug: Notice (8): Undefined variable: post in [C:\xampp\htdocs\WHM_C\views\pages\about.ctp, line 8]
2011-05-15 01:17:52 Debug: Notice (8): Undefined variable: posts in [C:\xampp\htdocs\WHM_C\views\pages\about.ctp, line 7]
2011-05-15 01:17:52 Debug: Notice (8): Trying to get property of non-object in [C:\xampp\htdocs\WHM_C\views\pages\about.ctp, line 7]
2011-05-15 01:19:03 Debug: Notice (8): Undefined variable: post in [C:\xampp\htdocs\WHM_C\views\pages\about.ctp, line 7]
2011-05-15 01:19:03 Debug: Notice (8): Undefined variable: posts in [C:\xampp\htdocs\WHM_C\views\pages\about.ctp, line 8]
2011-05-15 01:19:03 Debug: Notice (8): Trying to get property of non-object in [C:\xampp\htdocs\WHM_C\views\pages\about.ctp, line 8]
2011-05-15 01:19:15 Debug: Notice (8): Undefined variable: post in [C:\xampp\htdocs\WHM_C\views\pages\about.ctp, line 7]
2011-05-15 01:19:15 Debug: Notice (8): Undefined variable: pages in [C:\xampp\htdocs\WHM_C\views\pages\about.ctp, line 8]
2011-05-15 01:19:15 Debug: Notice (8): Undefined variable: posts in [C:\xampp\htdocs\WHM_C\views\pages\about.ctp, line 8]
2011-05-15 01:19:15 Debug: Notice (8): Trying to get property of non-object in [C:\xampp\htdocs\WHM_C\views\pages\about.ctp, line 8]
2011-05-16 07:49:49 Debug: Notice (8): Undefined index: id in [C:\cakephp\app\views\posts\view.ctp, line 6]
2011-05-16 07:49:49 Debug: Notice (8): Undefined index: created in [C:\cakephp\app\views\posts\view.ctp, line 21]
2011-05-16 07:49:49 Debug: Notice (8): Undefined index: modified in [C:\cakephp\app\views\posts\view.ctp, line 26]
2011-05-16 07:49:49 Debug: Notice (8): Undefined index: id in [C:\cakephp\app\views\posts\view.ctp, line 34]
2011-05-16 07:49:49 Debug: Notice (8): Undefined index: id in [C:\cakephp\app\views\posts\view.ctp, line 35]
2011-05-16 08:04:13 Debug: Notice (8): Undefined variable: post in [C:\cakephp\app\views\pages\about.ctp, line 7]
2011-05-16 08:04:13 Debug: Notice (8): Undefined variable: post in [C:\cakephp\app\views\pages\about.ctp, line 13]
2011-05-16 08:04:14 Debug: Notice (8): Undefined variable: post in [C:\cakephp\app\views\pages\about.ctp, line 7]
2011-05-16 08:04:14 Debug: Notice (8): Undefined variable: post in [C:\cakephp\app\views\pages\about.ctp, line 13]
2011-05-16 08:05:05 Debug: Notice (8): Undefined variable: post in [C:\cakephp\app\views\pages\about.ctp, line 8]
2011-05-16 08:05:05 Debug: Notice (8): Undefined variable: post in [C:\cakephp\app\views\pages\about.ctp, line 16]
2011-05-16 08:05:06 Debug: Notice (8): Undefined variable: post in [C:\cakephp\app\views\pages\about.ctp, line 8]
2011-05-16 08:05:06 Debug: Notice (8): Undefined variable: post in [C:\cakephp\app\views\pages\about.ctp, line 16]
2011-05-16 08:21:38 Debug: Notice (8): Undefined variable: about in [C:\cakephp\app\views\pages\about.ctp, line 8]
2011-05-16 08:21:38 Debug: Notice (8): Undefined variable: about in [C:\cakephp\app\views\pages\about.ctp, line 16]
2011-05-16 08:21:40 Debug: Notice (8): Undefined variable: about in [C:\cakephp\app\views\pages\about.ctp, line 8]
2011-05-16 08:21:40 Debug: Notice (8): Undefined variable: about in [C:\cakephp\app\views\pages\about.ctp, line 16]
2011-05-16 08:45:07 Debug: Notice (8): Undefined variable: about in [C:\cakephp\app\views\pages\about.ctp, line 8]
2011-05-16 08:45:07 Debug: Notice (8): Undefined variable: about in [C:\cakephp\app\views\pages\about.ctp, line 16]
2011-05-16 08:45:08 Debug: Notice (8): Undefined variable: about in [C:\cakephp\app\views\pages\about.ctp, line 8]
2011-05-16 08:45:08 Debug: Notice (8): Undefined variable: about in [C:\cakephp\app\views\pages\about.ctp, line 16]
2011-05-16 08:45:34 Debug: Notice (8): Undefined variable: about in [C:\cakephp\app\views\pages\about.ctp, line 8]
2011-05-16 08:45:34 Debug: Notice (8): Undefined variable: about in [C:\cakephp\app\views\pages\about.ctp, line 16]
2011-05-16 08:45:35 Debug: Notice (8): Undefined variable: about in [C:\cakephp\app\views\pages\about.ctp, line 8]
2011-05-16 08:45:35 Debug: Notice (8): Undefined variable: about in [C:\cakephp\app\views\pages\about.ctp, line 16]
2011-05-16 08:46:39 Debug: Notice (8): Undefined variable: about in [C:\cakephp\app\views\pages\about.ctp, line 8]
2011-05-16 08:46:39 Debug: Notice (8): Undefined variable: about in [C:\cakephp\app\views\pages\about.ctp, line 16]
2011-05-16 08:46:39 Debug: Notice (8): Undefined variable: about in [C:\cakephp\app\views\pages\about.ctp, line 8]
2011-05-16 08:46:39 Debug: Notice (8): Undefined variable: about in [C:\cakephp\app\views\pages\about.ctp, line 16]
2011-05-16 08:46:46 Debug: Notice (8): Undefined variable: about in [C:\cakephp\app\views\pages\about.ctp, line 8]
2011-05-16 08:46:46 Debug: Notice (8): Undefined variable: about in [C:\cakephp\app\views\pages\about.ctp, line 16]
2011-05-16 08:46:47 Debug: Notice (8): Undefined variable: about in [C:\cakephp\app\views\pages\about.ctp, line 8]
2011-05-16 08:46:47 Debug: Notice (8): Undefined variable: about in [C:\cakephp\app\views\pages\about.ctp, line 16]
2011-05-16 08:48:43 Debug: Notice (8): Undefined variable: about in [C:\cakephp\app\views\pages\about.ctp, line 8]
2011-05-16 08:48:43 Debug: Notice (8): Undefined variable: about in [C:\cakephp\app\views\pages\about.ctp, line 16]
2011-05-16 08:48:43 Debug: Notice (8): Undefined variable: about in [C:\cakephp\app\views\pages\about.ctp, line 8]
2011-05-16 08:48:43 Debug: Notice (8): Undefined variable: about in [C:\cakephp\app\views\pages\about.ctp, line 16]
2011-05-17 00:22:10 Debug: Notice (8): Undefined variable: about in [C:\cakephp\app\views\pages\about.ctp, line 8]
2011-05-17 00:22:10 Debug: Notice (8): Undefined variable: about in [C:\cakephp\app\views\pages\about.ctp, line 16]
2011-05-17 00:22:12 Debug: Notice (8): Undefined variable: about in [C:\cakephp\app\views\pages\about.ctp, line 8]
2011-05-17 00:22:12 Debug: Notice (8): Undefined variable: about in [C:\cakephp\app\views\pages\about.ctp, line 16]
2011-05-17 00:31:52 Debug: Notice (8): Undefined variable: about in [C:\cakephp\app\views\pages\about.ctp, line 8]
2011-05-17 00:31:52 Debug: Notice (8): Undefined variable: about in [C:\cakephp\app\views\pages\about.ctp, line 16]
2011-05-17 01:29:12 Debug: Notice (8): Undefined index: Post in [C:\cakephp\app\views\pages\about.ctp, line 9]
2011-05-17 01:29:12 Debug: Notice (8): Undefined index: Post in [C:\cakephp\app\views\pages\about.ctp, line 16]
2011-05-17 01:29:44 Debug: Notice (8): Undefined index: Post in [C:\cakephp\app\views\pages\about.ctp, line 16]
2011-05-17 01:41:53 Debug: Notice (8): Undefined index: Post in [C:\cakephp\app\views\pages\about.ctp, line 9]
2011-05-17 01:41:53 Debug: Notice (8): Undefined index: Post in [C:\cakephp\app\views\pages\about.ctp, line 16]
2011-05-17 01:55:10 Debug: Notice (8): Undefined index: Post in [C:\cakephp\app\views\pages\about.ctp, line 9]
2011-05-17 01:55:10 Debug: Notice (8): Undefined index: Post in [C:\cakephp\app\views\pages\about.ctp, line 16]
2011-05-17 01:55:36 Debug: Notice (8): Undefined index: Post in [C:\cakephp\app\views\pages\about.ctp, line 16]
2011-05-17 02:50:27 Debug: Notice (8): Undefined variable: post in [C:\cakephp\app\views\posts\view.ctp, line 6]
2011-05-17 02:50:27 Debug: Notice (8): Undefined variable: post in [C:\cakephp\app\views\posts\view.ctp, line 11]
2011-05-17 02:50:27 Debug: Notice (8): Undefined variable: post in [C:\cakephp\app\views\posts\view.ctp, line 16]
2011-05-17 02:50:27 Debug: Notice (8): Undefined variable: post in [C:\cakephp\app\views\posts\view.ctp, line 21]
2011-05-17 02:50:27 Debug: Notice (8): Undefined variable: post in [C:\cakephp\app\views\posts\view.ctp, line 26]
2011-05-17 02:50:27 Debug: Notice (8): Undefined variable: post in [C:\cakephp\app\views\posts\view.ctp, line 34]
2011-05-17 02:50:27 Debug: Notice (8): Undefined variable: post in [C:\cakephp\app\views\posts\view.ctp, line 35]
2011-05-17 04:38:53 Debug: Notice (8): Undefined property: View::$Paginator in [C:\cakephp\app\views\users\admin_pages.ctp, line 5]
2011-05-17 04:42:51 Debug: Notice (8): Undefined property: View::$Paginator in [C:\cakephp\app\views\users\admin_pages.ctp, line 36]
2011-05-17 04:43:24 Debug: Notice (8): Undefined property: View::$Paginator in [C:\cakephp\app\views\users\admin_pages.ctp, line 36]
2011-05-17 04:43:30 Debug: Notice (8): Undefined property: View::$Paginator in [C:\cakephp\app\views\users\admin_pages.ctp, line 36]
2011-05-22 23:02:08 Debug: Notice (8): Undefined index: Contact in [C:\xampp\cake\cake\libs\view\helpers\form.php, line 623]
2011-05-22 23:02:42 Debug: Notice (8): Undefined index: Contact in [C:\xampp\cake\cake\libs\view\helpers\form.php, line 623]
2011-05-22 23:03:07 Debug: Notice (8): Undefined index: Contact in [C:\xampp\cake\cake\libs\view\helpers\form.php, line 623]
2011-05-22 23:05:43 Debug: Notice (8): Undefined index: Contact in [C:\xampp\cake\cake\libs\view\helpers\form.php, line 623]
2011-05-22 23:05:44 Debug: Notice (8): Undefined index: Contact in [C:\xampp\cake\cake\libs\view\helpers\form.php, line 623]
2011-05-22 23:06:25 Debug: Notice (8): Undefined index: Contact in [C:\xampp\cake\cake\libs\view\helpers\form.php, line 623]
2011-05-22 23:06:26 Debug: Notice (8): Undefined index: Contact in [C:\xampp\cake\cake\libs\view\helpers\form.php, line 623]
2011-07-11 00:06:38 Debug: Notice (8): Undefined offset: 0 in [C:\xampp\htdocs\WHM_C\views\pages\schedules.ctp, line 8]
2011-07-13 02:24:17 Debug: Notice (8): Undefined variable: xstandard in [C:\xampp\htdocs\WHM_C\views\posts\admin_edit.ctp, line 7]
2011-07-13 02:24:46 Debug: Notice (8): Undefined variable: xstandard in [C:\xampp\htdocs\WHM_C\views\posts\admin_edit.ctp, line 7]
2011-07-13 02:30:23 Debug: Notice (8): Undefined variable: javascript in [C:\xampp\htdocs\WHM_C\views\posts\admin_edit.ctp, line 4]
2011-07-13 02:31:09 Debug: Notice (8): Undefined variable: javascript in [C:\xampp\htdocs\WHM_C\views\posts\admin_edit.ctp, line 4]
2011-07-13 02:31:33 Debug: Notice (8): Undefined variable: javascript in [C:\xampp\htdocs\WHM_C\views\posts\admin_edit.ctp, line 4]
2011-07-13 02:34:28 Debug: Notice (8): Undefined variable: fck in [C:\xampp\htdocs\WHM_C\views\posts\admin_edit.ctp, line 15]
2011-07-13 02:36:23 Debug: Notice (8): Undefined variable: fck in [C:\xampp\htdocs\WHM_C\views\posts\admin_edit.ctp, line 16]
2011-07-13 02:41:17 Debug: Notice (8): Undefined variable: fck in [C:\xampp\htdocs\WHM_C\views\posts\admin_edit.ctp, line 16]
2011-07-13 02:41:53 Debug: Notice (8): Undefined variable: fck in [C:\xampp\htdocs\WHM_C\views\posts\admin_edit.ctp, line 18]
2011-07-13 02:42:51 Debug: Notice (8): Undefined variable: ckfinderPath in [C:\xampp\htdocs\WHM_C\views\posts\admin_edit.ctp, line 5]
2011-07-13 02:44:08 Debug: Notice (8): Undefined variable: ckfinderPath in [C:\xampp\htdocs\WHM_C\views\posts\admin_edit.ctp, line 5]
2011-07-13 02:44:17 Debug: Notice (8): Undefined variable: ckfinderPath in [C:\xampp\htdocs\WHM_C\views\posts\admin_edit.ctp, line 5]
2011-07-13 02:45:43 Debug: Notice (8): Undefined variable: ckfinderPath in [C:\xampp\htdocs\WHM_C\views\posts\admin_edit.ctp, line 5]
2011-07-13 02:45:43 Debug: Notice (8): Use of undefined constant fck - assumed 'fck' in [C:\xampp\htdocs\WHM_C\views\posts\admin_edit.ctp, line 22]
2011-07-13 02:46:01 Debug: Notice (8): Undefined variable: ckfinderPath in [C:\xampp\htdocs\WHM_C\views\posts\admin_edit.ctp, line 5]
2011-07-13 02:46:01 Debug: Notice (8): Use of undefined constant bodyck - assumed 'bodyck' in [C:\xampp\htdocs\WHM_C\views\posts\admin_edit.ctp, line 22]
2011-07-13 02:47:01 Debug: Notice (8): Undefined variable: ckfinderPath in [C:\xampp\htdocs\WHM_C\views\posts\admin_edit.ctp, line 5]
2011-07-13 02:47:25 Debug: Notice (8): Undefined variable: ckfinderPath in [C:\xampp\htdocs\WHM_C\views\posts\admin_edit.ctp, line 10]
2011-07-13 02:49:39 Debug: Notice (8): Undefined variable: ckfinderPath in [C:\xampp\htdocs\WHM_C\views\posts\admin_edit.ctp, line 10]
2011-07-13 02:53:15 Debug: Notice (8): Undefined variable: ckfinderPath in [C:\xampp\htdocs\WHM_C\views\posts\admin_edit.ctp, line 10]
2011-07-13 03:01:29 Debug: Notice (8): Undefined offset: 0 in [C:\xampp\htdocs\WHM_C\views\pages\schedules.ctp, line 8]
2011-07-13 03:02:17 Debug: Notice (8): Undefined variable: ckfinderPath in [C:\xampp\htdocs\WHM_C\views\posts\admin_edit.ctp, line 10]
2011-07-13 03:03:42 Debug: Notice (8): Undefined variable: ckfinderPath in [C:\xampp\htdocs\WHM_C\views\posts\admin_edit.ctp, line 10]
2011-07-13 03:03:53 Debug: Notice (8): Undefined variable: ckfinderPath in [C:\xampp\htdocs\WHM_C\views\posts\admin_edit.ctp, line 10]
2011-07-13 03:04:51 Debug: Notice (8): Undefined variable: ckfinderPath in [C:\xampp\htdocs\WHM_C\views\posts\admin_edit.ctp, line 10]
2011-07-13 03:06:18 Debug: Notice (8): Undefined variable: ckfinderPath in [C:\xampp\htdocs\WHM_C\views\posts\admin_edit.ctp, line 10]
2011-07-13 03:06:47 Debug: Notice (8): Undefined variable: ckfinderPath in [C:\xampp\htdocs\WHM_C\views\posts\admin_edit.ctp, line 10]
2011-07-13 03:07:07 Debug: Notice (8): Undefined variable: ckfinderPath in [C:\xampp\htdocs\WHM_C\views\posts\admin_edit.ctp, line 10]
2011-07-13 03:07:41 Debug: Notice (8): Undefined variable: ckfinderPath in [C:\xampp\htdocs\WHM_C\views\posts\admin_edit.ctp, line 10]
2011-07-20 01:31:34 Debug: Notice (8): Undefined offset: 0 in [C:\xampp\htdocs\WHM_C\views\pages\schedules.ctp, line 8]
2011-07-20 01:55:07 Debug: Notice (8): Undefined offset: 0 in [C:\xampp\htdocs\WHM_C\views\pages\schedules.ctp, line 8]
