2011-05-15 01:38:56 Warning: Warning (512): Method FormHelper::labelTag does not exist in [C:\xampp\cake\cake\libs\view\helper.php, line 154]
2011-05-15 01:38:56 Warning: Warning (512): Method HtmlHelper::input does not exist in [C:\xampp\cake\cake\libs\view\helper.php, line 154]
2011-05-15 01:38:56 Warning: Warning (512): Method HtmlHelper::password does not exist in [C:\xampp\cake\cake\libs\view\helper.php, line 154]
2011-05-15 01:38:56 Warning: Warning (512): Method HtmlHelper::submit does not exist in [C:\xampp\cake\cake\libs\view\helper.php, line 154]
2011-05-15 01:39:33 Warning: Warning (512): Method FormHelper::labelTag does not exist in [C:\xampp\cake\cake\libs\view\helper.php, line 154]
2011-05-15 01:39:33 Warning: Warning (512): Method HtmlHelper::input does not exist in [C:\xampp\cake\cake\libs\view\helper.php, line 154]
2011-05-15 01:39:33 Warning: Warning (512): Method HtmlHelper::password does not exist in [C:\xampp\cake\cake\libs\view\helper.php, line 154]
2011-05-15 01:39:33 Warning: Warning (512): Method HtmlHelper::submit does not exist in [C:\xampp\cake\cake\libs\view\helper.php, line 154]
2011-05-15 01:39:35 Warning: Warning (512): Method FormHelper::labelTag does not exist in [C:\xampp\cake\cake\libs\view\helper.php, line 154]
2011-05-15 01:39:35 Warning: Warning (512): Method HtmlHelper::input does not exist in [C:\xampp\cake\cake\libs\view\helper.php, line 154]
2011-05-15 01:39:35 Warning: Warning (512): Method HtmlHelper::password does not exist in [C:\xampp\cake\cake\libs\view\helper.php, line 154]
2011-05-15 01:39:35 Warning: Warning (512): Method HtmlHelper::submit does not exist in [C:\xampp\cake\cake\libs\view\helper.php, line 154]
2011-05-15 01:41:10 Warning: Warning (512): Method FormHelper::labelTag does not exist in [C:\xampp\cake\cake\libs\view\helper.php, line 154]
2011-05-15 01:41:10 Warning: Warning (512): Method HtmlHelper::input does not exist in [C:\xampp\cake\cake\libs\view\helper.php, line 154]
2011-05-15 01:41:10 Warning: Warning (512): Method HtmlHelper::password does not exist in [C:\xampp\cake\cake\libs\view\helper.php, line 154]
2011-05-15 01:41:10 Warning: Warning (512): Method HtmlHelper::submit does not exist in [C:\xampp\cake\cake\libs\view\helper.php, line 154]
2011-05-15 01:41:27 Warning: Warning (512): Method FormHelper::labelTag does not exist in [C:\xampp\cake\cake\libs\view\helper.php, line 154]
2011-05-15 01:41:28 Warning: Warning (512): Method HtmlHelper::input does not exist in [C:\xampp\cake\cake\libs\view\helper.php, line 154]
2011-05-15 01:41:28 Warning: Warning (512): Method HtmlHelper::password does not exist in [C:\xampp\cake\cake\libs\view\helper.php, line 154]
2011-05-15 01:41:28 Warning: Warning (512): Method HtmlHelper::submit does not exist in [C:\xampp\cake\cake\libs\view\helper.php, line 154]
2011-05-15 01:44:37 Warning: Warning (512): Method FormHelper::labelTag does not exist in [C:\xampp\cake\cake\libs\view\helper.php, line 154]
2011-05-15 01:44:37 Warning: Warning (512): Method HtmlHelper::input does not exist in [C:\xampp\cake\cake\libs\view\helper.php, line 154]
2011-05-15 01:44:37 Warning: Warning (512): Method HtmlHelper::password does not exist in [C:\xampp\cake\cake\libs\view\helper.php, line 154]
2011-05-15 01:44:37 Warning: Warning (512): Method HtmlHelper::submit does not exist in [C:\xampp\cake\cake\libs\view\helper.php, line 154]
2011-05-15 01:45:17 Warning: Warning (512): Method FormHelper::labelTag does not exist in [C:\xampp\cake\cake\libs\view\helper.php, line 154]
2011-05-15 01:45:17 Warning: Warning (512): Method HtmlHelper::input does not exist in [C:\xampp\cake\cake\libs\view\helper.php, line 154]
2011-05-15 01:45:17 Warning: Warning (512): Method HtmlHelper::password does not exist in [C:\xampp\cake\cake\libs\view\helper.php, line 154]
2011-05-15 01:45:17 Warning: Warning (512): Method HtmlHelper::submit does not exist in [C:\xampp\cake\cake\libs\view\helper.php, line 154]
2011-05-15 01:45:23 Warning: Warning (512): Method FormHelper::labelTag does not exist in [C:\xampp\cake\cake\libs\view\helper.php, line 154]
2011-05-15 01:45:23 Warning: Warning (512): Method HtmlHelper::input does not exist in [C:\xampp\cake\cake\libs\view\helper.php, line 154]
2011-05-15 01:45:23 Warning: Warning (512): Method HtmlHelper::password does not exist in [C:\xampp\cake\cake\libs\view\helper.php, line 154]
2011-05-15 01:45:23 Warning: Warning (512): Method HtmlHelper::submit does not exist in [C:\xampp\cake\cake\libs\view\helper.php, line 154]
2011-05-15 01:45:25 Warning: Warning (512): Method FormHelper::labelTag does not exist in [C:\xampp\cake\cake\libs\view\helper.php, line 154]
2011-05-15 01:45:25 Warning: Warning (512): Method HtmlHelper::input does not exist in [C:\xampp\cake\cake\libs\view\helper.php, line 154]
2011-05-15 01:45:25 Warning: Warning (512): Method HtmlHelper::password does not exist in [C:\xampp\cake\cake\libs\view\helper.php, line 154]
2011-05-15 01:45:25 Warning: Warning (512): Method HtmlHelper::submit does not exist in [C:\xampp\cake\cake\libs\view\helper.php, line 154]
2011-05-22 23:02:08 Warning: Warning (2): array_keys() expects parameter 1 to be array, null given in [C:\xampp\cake\cake\libs\view\helpers\form.php, line 623]
2011-05-22 23:02:08 Warning: Warning (2): Invalid argument supplied for foreach() in [C:\xampp\cake\cake\libs\view\helpers\form.php, line 640]
2011-05-22 23:02:42 Warning: Warning (2): array_keys() expects parameter 1 to be array, null given in [C:\xampp\cake\cake\libs\view\helpers\form.php, line 623]
2011-05-22 23:02:42 Warning: Warning (2): Invalid argument supplied for foreach() in [C:\xampp\cake\cake\libs\view\helpers\form.php, line 640]
2011-05-22 23:03:07 Warning: Warning (2): array_keys() expects parameter 1 to be array, null given in [C:\xampp\cake\cake\libs\view\helpers\form.php, line 623]
2011-05-22 23:03:07 Warning: Warning (2): Invalid argument supplied for foreach() in [C:\xampp\cake\cake\libs\view\helpers\form.php, line 640]
2011-05-22 23:05:43 Warning: Warning (2): array_keys() expects parameter 1 to be array, null given in [C:\xampp\cake\cake\libs\view\helpers\form.php, line 623]
2011-05-22 23:05:43 Warning: Warning (2): Invalid argument supplied for foreach() in [C:\xampp\cake\cake\libs\view\helpers\form.php, line 640]
2011-05-22 23:05:44 Warning: Warning (2): array_keys() expects parameter 1 to be array, null given in [C:\xampp\cake\cake\libs\view\helpers\form.php, line 623]
2011-05-22 23:05:44 Warning: Warning (2): Invalid argument supplied for foreach() in [C:\xampp\cake\cake\libs\view\helpers\form.php, line 640]
2011-05-22 23:06:25 Warning: Warning (2): array_keys() expects parameter 1 to be array, null given in [C:\xampp\cake\cake\libs\view\helpers\form.php, line 623]
2011-05-22 23:06:25 Warning: Warning (2): Invalid argument supplied for foreach() in [C:\xampp\cake\cake\libs\view\helpers\form.php, line 640]
2011-05-22 23:06:26 Warning: Warning (2): array_keys() expects parameter 1 to be array, null given in [C:\xampp\cake\cake\libs\view\helpers\form.php, line 623]
2011-05-22 23:06:26 Warning: Warning (2): Invalid argument supplied for foreach() in [C:\xampp\cake\cake\libs\view\helpers\form.php, line 640]
2011-07-13 02:34:28 Warning: Warning (2): array_merge() [<a href='http://php.net/function.array-merge'>function.array-merge</a>]: Argument #2 is not an array in [C:\xampp\cake\cake\libs\view\helpers\html.php, line 414]
2011-07-13 02:36:23 Warning: Warning (2): array_merge() [<a href='http://php.net/function.array-merge'>function.array-merge</a>]: Argument #2 is not an array in [C:\xampp\cake\cake\libs\view\helpers\html.php, line 414]
2011-07-13 02:41:17 Warning: Warning (2): array_merge() [<a href='http://php.net/function.array-merge'>function.array-merge</a>]: Argument #2 is not an array in [C:\xampp\cake\cake\libs\view\helpers\html.php, line 414]
